<?xml version="1.0" encoding="UTF-8"?>
<!-- Generated by org.testng.reporters.JUnitReportReporter -->
<testsuite skipped="0" hostname="LAPTOP-M6F29H3O" name="FlightTests.BookingTest" tests="1" failures="0" timestamp="20 Sep 2021 06:52:58 GMT" time="12.408" errors="0">
  <testcase name="booking" time="12.408" classname="FlightTests.BookingTest"/>
</testsuite> <!-- FlightTests.BookingTest -->
