<?xml version="1.0" encoding="UTF-8"?>
<!-- Generated by org.testng.reporters.JUnitReportReporter -->
<testsuite hostname="LAPTOP-F8VFH2TR" name="Academy.validateNavigationBar" tests="1" failures="0" timestamp="10 Apr 2022 14:35:48 GMT" time="0.072" errors="0">
  <testcase name="validateAppNavBar" time="0.072" classname="Academy.validateNavigationBar"/>
</testsuite> <!-- Academy.validateNavigationBar -->
