<?xml version="1.0" encoding="UTF-8"?>
<!-- Generated by org.testng.reporters.JUnitReportReporter -->
<testsuite skipped="0" hostname="LAPTOP-M6F29H3O" name="Academy.ExtentReportDemo" tests="1" failures="0" timestamp="20 May 2020 16:36:26 GMT" time="9.992" errors="0">
  <testcase name="initialDemo" time="9.992" classname="Academy.ExtentReportDemo"/>
</testsuite> <!-- Academy.ExtentReportDemo -->
