<?xml version="1.0" encoding="UTF-8"?>
<!-- Generated by org.testng.reporters.JUnitReportReporter -->
<testsuite skipped="0" hostname="LAPTOP-M6F29H3O" name="Academy.HomePage" tests="2" failures="0" timestamp="08 May 2021 09:45:50 GMT" time="15.008" errors="0">
  <testcase name="basePageNavigation" time="4.205" classname="Academy.HomePage"/>
  <testcase name="basePageNavigation" time="10.803" classname="Academy.HomePage"/>
</testsuite> <!-- Academy.HomePage -->
