<?xml version="1.0" encoding="UTF-8"?>
<!-- Generated by org.testng.reporters.JUnitReportReporter -->
<testsuite hostname="LAPTOP-F8VFH2TR" name="Academy.RSASignUpTest" tests="1" failures="0" timestamp="21 Apr 2022 06:29:28 GMT" time="24.416" errors="0">
  <testcase name="validateUserRegister" time="24.416" classname="Academy.RSASignUpTest"/>
</testsuite> <!-- Academy.RSASignUpTest -->
