<?xml version="1.0" encoding="UTF-8"?>
<!-- Generated by org.testng.reporters.JUnitReportReporter -->
<testsuite skipped="0" hostname="LAPTOP-M6F29H3O" name="Academy.FooterLinksTest" tests="1" failures="0" timestamp="25 Jul 2021 05:30:00 GMT" time="34.851" errors="0">
  <testcase name="footerLinksvalidation" time="34.851" classname="Academy.FooterLinksTest"/>
</testsuite> <!-- Academy.FooterLinksTest -->
