<?xml version="1.0" encoding="UTF-8"?>
<!-- Generated by org.testng.reporters.JUnitReportReporter -->
<testsuite skipped="0" hostname="LAPTOP-M6F29H3O" name="Academy.AdvisorDashboard" tests="1" failures="0" timestamp="18 May 2020 11:03:16 GMT" time="28.611" errors="0">
  <testcase name="reppicker" time="28.611" classname="Academy.AdvisorDashboard"/>
</testsuite> <!-- Academy.AdvisorDashboard -->
