<?xml version="1.0" encoding="UTF-8"?>
<!-- Generated by org.testng.reporters.JUnitReportReporter -->
<testsuite skipped="1" hostname="LAPTOP-M6F29H3O" name="Academy.validateTitleTest" tests="1" failures="0" timestamp="2021-07-25T10:56:11 IST" time="0.000" errors="0">
  <testcase name="validateAppTitle" time="0.000" classname="Academy.validateTitleTest">
    <skipped/>
  </testcase> <!-- validateAppTitle -->
  <system-out/>
</testsuite> <!-- Academy.validateTitleTest -->
